App/app/build/intermediates/manifest_merge_blame_file/release/manifest-merger-blame-release-report.txt
1<?xml version="1.0" encoding="utf-8"?>
2<manifest xmlns:android="http://schemas.android.com/apk/res/android"
3    package="com.example.fire_warning_app"
4    android:versionCode="1"
5    android:versionName="1.0" >
6
7    <uses-sdk
8        android:minSdkVersion="29"
8-->src\main\AndroidManifest.xml
9        android:targetSdkVersion="33" />
9-->src\main\AndroidManifest.xml
10
11    <uses-permission android:name="android.permission.INTERNET" />
11-->src\main\AndroidManifest.xml:5:5-67
11-->src\main\AndroidManifest.xml:5:22-64
12    <uses-permission android:name="android.permission.READ_EXTERNAL_STORAGE" />
12-->src\main\AndroidManifest.xml:6:5-80
12-->src\main\AndroidManifest.xml:6:22-77
13    <uses-permission android:name="android.permission.POST_NOTIFICATIONS" />
13-->src\main\AndroidManifest.xml:7:5-77
13-->src\main\AndroidManifest.xml:7:22-74
14    <uses-permission android:name="android.permission.VIBRATE" />
14-->src\main\AndroidManifest.xml:8:5-66
14-->src\main\AndroidManifest.xml:8:22-63
15    <uses-permission android:name="android.permission.ACCESS_NOTIFICATION_POLICY" />
15-->src\main\AndroidManifest.xml:9:5-85
15-->src\main\AndroidManifest.xml:9:22-82
16    <uses-permission android:name="android.permission.FOREGROUND_SERVICE" />
16-->src\main\AndroidManifest.xml:10:5-77
16-->src\main\AndroidManifest.xml:10:22-74
17    <uses-permission android:name="android.permission.WAKE_LOCK" />
17-->src\main\AndroidManifest.xml:11:5-68
17-->src\main\AndroidManifest.xml:11:22-65
18    <uses-permission android:name="android.permission.RECEIVE_BOOT_COMPLETED" />
18-->src\main\AndroidManifest.xml:12:5-81
18-->src\main\AndroidManifest.xml:12:22-78
19    <uses-permission android:name="android.permission.ACCESS_NETWORK_STATE" />
19-->[com.google.firebase:firebase-inappmessaging:20.1.2] AndroidManifest.xml:10:5-79
19-->[com.google.firebase:firebase-inappmessaging:20.1.2] AndroidManifest.xml:10:22-76
20
21    <permission
21-->[androidx.core:core:1.9.0] AndroidManifest.xml:22:5-24:47
22        android:name="com.example.fire_warning_app.DYNAMIC_RECEIVER_NOT_EXPORTED_PERMISSION"
22-->[androidx.core:core:1.9.0] AndroidManifest.xml:23:9-81
23        android:protectionLevel="signature" />
23-->[androidx.core:core:1.9.0] AndroidManifest.xml:24:9-44
24
25    <uses-permission android:name="com.example.fire_warning_app.DYNAMIC_RECEIVER_NOT_EXPORTED_PERMISSION" />
25-->[androidx.core:core:1.9.0] AndroidManifest.xml:26:5-97
25-->[androidx.core:core:1.9.0] AndroidManifest.xml:26:22-94
26
27    <application
27-->src\main\AndroidManifest.xml:14:5-50:19
28        android:allowBackup="true"
28-->src\main\AndroidManifest.xml:15:9-35
29        android:appComponentFactory="androidx.core.app.CoreComponentFactory"
29-->[androidx.core:core:1.9.0] AndroidManifest.xml:28:18-86
30        android:dataExtractionRules="@xml/data_extraction_rules"
30-->src\main\AndroidManifest.xml:16:9-65
31        android:extractNativeLibs="false"
32        android:fullBackupContent="@xml/backup_rules"
32-->src\main\AndroidManifest.xml:17:9-54
33        android:icon="@mipmap/ic_launcher"
33-->src\main\AndroidManifest.xml:18:9-43
34        android:label="@string/app_name"
34-->src\main\AndroidManifest.xml:19:9-41
35        android:supportsRtl="true"
35-->src\main\AndroidManifest.xml:20:9-35
36        android:theme="@style/Theme.Fire_Warning_App" >
36-->src\main\AndroidManifest.xml:21:9-54
37        <activity
37-->src\main\AndroidManifest.xml:24:9-26:40
38            android:name="com.example.fire_warning_app.Bottom"
38-->src\main\AndroidManifest.xml:25:13-35
39            android:exported="false" />
39-->src\main\AndroidManifest.xml:26:13-37
40        <activity
40-->src\main\AndroidManifest.xml:27:9-29:40
41            android:name="com.example.fire_warning_app.ImageListActivity"
41-->src\main\AndroidManifest.xml:28:13-46
42            android:exported="false" />
42-->src\main\AndroidManifest.xml:29:13-37
43        <activity
43-->src\main\AndroidManifest.xml:30:9-32:40
44            android:name="com.example.fire_warning_app.Info"
44-->src\main\AndroidManifest.xml:31:13-33
45            android:exported="false" />
45-->src\main\AndroidManifest.xml:32:13-37
46        <activity
46-->src\main\AndroidManifest.xml:33:9-35:40
47            android:name="com.example.fire_warning_app.UI_main"
47-->src\main\AndroidManifest.xml:34:13-36
48            android:exported="false" />
48-->src\main\AndroidManifest.xml:35:13-37
49        <activity
49-->src\main\AndroidManifest.xml:36:9-38:40
50            android:name="com.example.fire_warning_app.register"
50-->src\main\AndroidManifest.xml:37:13-37
51            android:exported="false" />
51-->src\main\AndroidManifest.xml:38:13-37
52        <activity
52-->src\main\AndroidManifest.xml:41:9-49:20
53            android:name="com.example.fire_warning_app.MainActivity"
53-->src\main\AndroidManifest.xml:42:13-41
54            android:exported="true" >
54-->src\main\AndroidManifest.xml:43:13-36
55            <intent-filter>
55-->src\main\AndroidManifest.xml:44:13-48:29
56                <action android:name="android.intent.action.MAIN" />
56-->src\main\AndroidManifest.xml:45:17-69
56-->src\main\AndroidManifest.xml:45:25-66
57
58                <category android:name="android.intent.category.LAUNCHER" />
58-->src\main\AndroidManifest.xml:47:17-77
58-->src\main\AndroidManifest.xml:47:27-74
59            </intent-filter>
60        </activity>
61
62        <service
62-->[com.google.firebase:firebase-inappmessaging-ktx:20.1.2] AndroidManifest.xml:12:9-18:19
63            android:name="com.google.firebase.components.ComponentDiscoveryService"
63-->[com.google.firebase:firebase-inappmessaging-ktx:20.1.2] AndroidManifest.xml:13:13-84
64            android:directBootAware="true"
64-->[com.google.firebase:firebase-common:20.1.0] AndroidManifest.xml:35:13-43
65            android:exported="false" >
65-->[com.google.firebase:firebase-inappmessaging-ktx:20.1.2] AndroidManifest.xml:14:13-37
66            <meta-data
66-->[com.google.firebase:firebase-inappmessaging-ktx:20.1.2] AndroidManifest.xml:15:13-17:85
67                android:name="com.google.firebase.components:com.google.firebase.inappmessaging.ktx.FirebaseInAppMessagingKtxRegistrar"
67-->[com.google.firebase:firebase-inappmessaging-ktx:20.1.2] AndroidManifest.xml:16:17-136
68                android:value="com.google.firebase.components.ComponentRegistrar" />
68-->[com.google.firebase:firebase-inappmessaging-ktx:20.1.2] AndroidManifest.xml:17:17-82
69            <meta-data
69-->[com.google.firebase:firebase-common-ktx:20.1.0] AndroidManifest.xml:15:13-17:85
70                android:name="com.google.firebase.components:com.google.firebase.ktx.FirebaseCommonKtxRegistrar"
70-->[com.google.firebase:firebase-common-ktx:20.1.0] AndroidManifest.xml:16:17-113
71                android:value="com.google.firebase.components.ComponentRegistrar" />
71-->[com.google.firebase:firebase-common-ktx:20.1.0] AndroidManifest.xml:17:17-82
72            <meta-data
72-->[com.google.firebase:firebase-inappmessaging:20.1.2] AndroidManifest.xml:17:13-19:85
73                android:name="com.google.firebase.components:com.google.firebase.inappmessaging.FirebaseInAppMessagingRegistrar"
73-->[com.google.firebase:firebase-inappmessaging:20.1.2] AndroidManifest.xml:18:17-129
74                android:value="com.google.firebase.components.ComponentRegistrar" />
74-->[com.google.firebase:firebase-inappmessaging:20.1.2] AndroidManifest.xml:19:17-82
75            <meta-data
75-->[com.google.firebase:firebase-abt:21.0.1] AndroidManifest.xml:13:13-15:85
76                android:name="com.google.firebase.components:com.google.firebase.abt.component.AbtRegistrar"
76-->[com.google.firebase:firebase-abt:21.0.1] AndroidManifest.xml:14:17-109
77                android:value="com.google.firebase.components.ComponentRegistrar" />
77-->[com.google.firebase:firebase-abt:21.0.1] AndroidManifest.xml:15:17-82
78            <meta-data
78-->[com.google.firebase:firebase-datatransport:18.1.1] AndroidManifest.xml:28:13-30:85
79                android:name="com.google.firebase.components:com.google.firebase.datatransport.TransportRegistrar"
79-->[com.google.firebase:firebase-datatransport:18.1.1] AndroidManifest.xml:29:17-115
80                android:value="com.google.firebase.components.ComponentRegistrar" />
80-->[com.google.firebase:firebase-datatransport:18.1.1] AndroidManifest.xml:30:17-82
81            <meta-data
81-->[com.google.firebase:firebase-installations:17.0.1] AndroidManifest.xml:18:13-20:85
82                android:name="com.google.firebase.components:com.google.firebase.installations.FirebaseInstallationsRegistrar"
82-->[com.google.firebase:firebase-installations:17.0.1] AndroidManifest.xml:19:17-127
83                android:value="com.google.firebase.components.ComponentRegistrar" />
83-->[com.google.firebase:firebase-installations:17.0.1] AndroidManifest.xml:20:17-82
84        </service>
85
86        <provider
86-->[com.google.firebase:firebase-common:20.1.0] AndroidManifest.xml:26:9-31:39
87            android:name="com.google.firebase.provider.FirebaseInitProvider"
87-->[com.google.firebase:firebase-common:20.1.0] AndroidManifest.xml:27:13-77
88            android:authorities="com.example.fire_warning_app.firebaseinitprovider"
88-->[com.google.firebase:firebase-common:20.1.0] AndroidManifest.xml:28:13-72
89            android:directBootAware="true"
89-->[com.google.firebase:firebase-common:20.1.0] AndroidManifest.xml:29:13-43
90            android:exported="false"
90-->[com.google.firebase:firebase-common:20.1.0] AndroidManifest.xml:30:13-37
91            android:initOrder="100" />
91-->[com.google.firebase:firebase-common:20.1.0] AndroidManifest.xml:31:13-36
92
93        <meta-data
93-->[com.google.android.gms:play-services-basement:18.0.0] AndroidManifest.xml:21:9-23:69
94            android:name="com.google.android.gms.version"
94-->[com.google.android.gms:play-services-basement:18.0.0] AndroidManifest.xml:22:13-58
95            android:value="@integer/google_play_services_version" />
95-->[com.google.android.gms:play-services-basement:18.0.0] AndroidManifest.xml:23:13-66
96
97        <provider
97-->[androidx.emoji2:emoji2:1.2.0] AndroidManifest.xml:24:9-32:20
98            android:name="androidx.startup.InitializationProvider"
98-->[androidx.emoji2:emoji2:1.2.0] AndroidManifest.xml:25:13-67
99            android:authorities="com.example.fire_warning_app.androidx-startup"
99-->[androidx.emoji2:emoji2:1.2.0] AndroidManifest.xml:26:13-68
100            android:exported="false" >
100-->[androidx.emoji2:emoji2:1.2.0] AndroidManifest.xml:27:13-37
101            <meta-data
101-->[androidx.emoji2:emoji2:1.2.0] AndroidManifest.xml:29:13-31:52
102                android:name="androidx.emoji2.text.EmojiCompatInitializer"
102-->[androidx.emoji2:emoji2:1.2.0] AndroidManifest.xml:30:17-75
103                android:value="androidx.startup" />
103-->[androidx.emoji2:emoji2:1.2.0] AndroidManifest.xml:31:17-49
104            <meta-data
104-->[androidx.lifecycle:lifecycle-process:2.4.1] AndroidManifest.xml:31:13-33:52
105                android:name="androidx.lifecycle.ProcessLifecycleInitializer"
105-->[androidx.lifecycle:lifecycle-process:2.4.1] AndroidManifest.xml:32:17-78
106                android:value="androidx.startup" />
106-->[androidx.lifecycle:lifecycle-process:2.4.1] AndroidManifest.xml:33:17-49
107        </provider>
108        <provider
108-->[com.squareup.picasso:picasso:2.71828] AndroidManifest.xml:8:9-11:40
109            android:name="com.squareup.picasso.PicassoProvider"
109-->[com.squareup.picasso:picasso:2.71828] AndroidManifest.xml:9:13-64
110            android:authorities="com.example.fire_warning_app.com.squareup.picasso"
110-->[com.squareup.picasso:picasso:2.71828] AndroidManifest.xml:10:13-72
111            android:exported="false" />
111-->[com.squareup.picasso:picasso:2.71828] AndroidManifest.xml:11:13-37
112
113        <service
113-->[com.google.android.datatransport:transport-backend-cct:3.1.1] AndroidManifest.xml:29:9-35:19
114            android:name="com.google.android.datatransport.runtime.backends.TransportBackendDiscovery"
114-->[com.google.android.datatransport:transport-backend-cct:3.1.1] AndroidManifest.xml:30:13-103
115            android:exported="false" >
115-->[com.google.android.datatransport:transport-backend-cct:3.1.1] AndroidManifest.xml:31:13-37
116            <meta-data
116-->[com.google.android.datatransport:transport-backend-cct:3.1.1] AndroidManifest.xml:32:13-34:39
117                android:name="backend:com.google.android.datatransport.cct.CctBackendFactory"
117-->[com.google.android.datatransport:transport-backend-cct:3.1.1] AndroidManifest.xml:33:17-94
118                android:value="cct" />
118-->[com.google.android.datatransport:transport-backend-cct:3.1.1] AndroidManifest.xml:34:17-36
119        </service>
120        <service
120-->[com.google.android.datatransport:transport-runtime:3.1.1] AndroidManifest.xml:26:9-30:19
121            android:name="com.google.android.datatransport.runtime.scheduling.jobscheduling.JobInfoSchedulerService"
121-->[com.google.android.datatransport:transport-runtime:3.1.1] AndroidManifest.xml:27:13-117
122            android:exported="false"
122-->[com.google.android.datatransport:transport-runtime:3.1.1] AndroidManifest.xml:28:13-37
123            android:permission="android.permission.BIND_JOB_SERVICE" >
123-->[com.google.android.datatransport:transport-runtime:3.1.1] AndroidManifest.xml:29:13-69
124        </service>
125
126        <receiver
126-->[com.google.android.datatransport:transport-runtime:3.1.1] AndroidManifest.xml:32:9-34:40
127            android:name="com.google.android.datatransport.runtime.scheduling.jobscheduling.AlarmManagerSchedulerBroadcastReceiver"
127-->[com.google.android.datatransport:transport-runtime:3.1.1] AndroidManifest.xml:33:13-132
128            android:exported="false" />
128-->[com.google.android.datatransport:transport-runtime:3.1.1] AndroidManifest.xml:34:13-37
129    </application>
130
131</manifest>